STMicroelectronics list file postprocessor v1.01   (C)2009-2023   Sat Aug 12 20:15:59 2023
Page 1  Assembler
                                               c:\program files (x86)\stmicroelectronics\st_toolset\stvd\watch\irq.asm

   1                         stm8/     
   2  000000                                 extern   main
   0  000000                                 #include "mapping.inc"
   1                                                          ;-------------------------------
                                                                ;-----------------------
   2                                                          ; SEGMENT MAPPING FILE 
                                                                ;AUTOMATICALLY GENERATED BY 
                                                                ;STVD
   3                                                          ; SHOULD NOT BE MANUALLY 
                                                                ;MODIFIED.
   4                                                          ; CHANGES WILL BE LOST WHEN FILE
                                                                ; IS REGENERATED.
   5                                                          ;-------------------------------
                                                                ;-----------------------
   6  000000                                 #define  RAM0 1
   7  000000                                 #define  ram0_segment_start 0
   8  000000                                 #define  ram0_segment_end FF
   9  000000                                 #define  RAM1 1
  10  000000                                 #define  ram1_segment_start 100
  11  000000                                 #define  ram1_segment_end 1FF
  12  000000                                 #define  stack_segment_start 200
  13  000000                                 #define  stack_segment_end 3FF
<END_OF_INCLUSION>
   4  000000                                 extern   tim2_handler.l
   5  000000                                 extern   tim4_handler.l
   6  000000                                 extern   RTC_handler.l
   7  000000                                 extern   key1_handler.l
   8  000000                                 extern   key2_handler.l
   9  000000                                 extern   key3_handler.l
  10  000000                                 extern   key4_handler.l
  11  000000                                 extern   PVD_handler.l
  12                                   
  13                                   segment  'rom'
  14                         reset.l   
  15                                                          ; initialize SP
  16  008BD7   AE03FF                        ldw      X,#$03ff
  17  008BDA   94                            ldw      SP,X
  18  008BDB   CC8BE1                        jp       main
  19  008BDE   20F7                          jra      reset
  20                                   
  21  008BE0                                 interrupt NonHandledInterrupt
  22                         NonHandledInterrupt.l  
  23  008BE0   80                            iret     
  24                                   
  25                                   segment  'vectit'
  26  008000   82008BD7                      dc.l     {$82000000+reset}  ; reset
  27  008004   82008BE0                      dc.l     {$82000000+NonHandledInterrupt}  ; trap
  28  008008   82008BE0                      dc.l     {$82000000+NonHandledInterrupt}  ; irq0
  29  00800C   82008BE0                      dc.l     {$82000000+NonHandledInterrupt}  ; irq1
  30  008010   82008BE0                      dc.l     {$82000000+NonHandledInterrupt}  ; irq2
  31  008014   82008BE0                      dc.l     {$82000000+NonHandledInterrupt}  ; irq3
  32  008018   820083B4                      dc.l     {$82000000+RTC_handler}  ; irq4
  33  00801C   82008080                      dc.l     {$82000000+PVD_handler}  ; irq5
  34  008020   82008BE0                      dc.l     {$82000000+NonHandledInterrupt}  ; irq6
  35  008024   82008BE0                      dc.l     {$82000000+NonHandledInterrupt}  ; irq7
  36  008028   820086FD                      dc.l     {$82000000+key4_handler}  ; irq8
  37  00802C   82008531                      dc.l     {$82000000+key1_handler}  ; irq9
  38  008030   82008BE0                      dc.l     {$82000000+NonHandledInterrupt}  ; irq10
STMicroelectronics list file postprocessor v1.01   (C)2009-2023   Sat Aug 12 20:15:59 2023
Page 2  Assembler
                                               c:\program files (x86)\stmicroelectronics\st_toolset\stvd\watch\irq.asm

  39  008034   82008BE0                      dc.l     {$82000000+NonHandledInterrupt}  ; irq11
  40  008038   820086E9                      dc.l     {$82000000+key3_handler}  ; irq12
  41  00803C   82008BE0                      dc.l     {$82000000+NonHandledInterrupt}  ; irq13
  42  008040   82008BE0                      dc.l     {$82000000+NonHandledInterrupt}  ; irq14
  43  008044   8200860D                      dc.l     {$82000000+key2_handler}  ; irq15
  44  008048   82008BE0                      dc.l     {$82000000+NonHandledInterrupt}  ; irq16
  45  00804C   82008BE0                      dc.l     {$82000000+NonHandledInterrupt}  ; irq17
  46  008050   82008BE0                      dc.l     {$82000000+NonHandledInterrupt}  ; irq18
  47  008054   82008528                      dc.l     {$82000000+tim2_handler}  ; irq19
  48  008058   82008BE0                      dc.l     {$82000000+NonHandledInterrupt}  ; irq20
  49  00805C   82008BE0                      dc.l     {$82000000+NonHandledInterrupt}  ; irq21
  50  008060   82008BE0                      dc.l     {$82000000+NonHandledInterrupt}  ; irq22
  51  008064   82008BE0                      dc.l     {$82000000+NonHandledInterrupt}  ; irq23
  52  008068   82008BE0                      dc.l     {$82000000+NonHandledInterrupt}  ; irq24
  53  00806C   820083A7                      dc.l     {$82000000+tim4_handler}  ; irq25
  54  008070   82008BE0                      dc.l     {$82000000+NonHandledInterrupt}  ; irq26
  55  008074   82008BE0                      dc.l     {$82000000+NonHandledInterrupt}  ; irq27
  56  008078   82008BE0                      dc.l     {$82000000+NonHandledInterrupt}  ; irq28
  57  00807C   82008BE0                      dc.l     {$82000000+NonHandledInterrupt}  ; irq29
  58                                   
  59  008080                                 end      
STMicroelectronics list file postprocessor v1.01   (C)2009-2023   Sat Aug 12 20:15:59 2023
Page 3  Assembler
                                               c:\program files (x86)\stmicroelectronics\st_toolset\stvd\watch\irq.asm

Symbol Name                       Value     Call       Type  Scope      Rel.  Line  Privacy  Segment   Size  Bytes File

NonHandledInterrupt               00008BE0  interrupt  LONG  Internal   ABS     22  private  text         1     0  -

PVD_handler                       00008080         no  LONG  Internal   ABS     11  private  data         0     0  -

RTC_handler                       000083B4         no  LONG  Internal   ABS      6  private  data         0     0  -

key1_handler                      00008531         no  LONG  Internal   ABS      7  private  data         0     0  -
key2_handler                      0000860D         no  LONG  Internal   ABS      8  private  data         0     0  -
key3_handler                      000086E9         no  LONG  Internal   ABS      9  private  data         0     0  -
key4_handler                      000086FD         no  LONG  Internal   ABS     10  private  data         0     0  -

main                                  8BE1         no  WORD  Internal   ABS      2  private  data         0     0  -

reset                             00008BD7         no  LONG  Internal   ABS     14  private  text         9     0  -

tim2_handler                      00008528         no  LONG  Internal   ABS      4  private  data         0     0  -
tim4_handler                      000083A7         no  LONG  Internal   ABS      5  private  data         0     0  -


11 labels
No errors on assembly of 'c:\program files (x86)\stmicroelectronics\st_toolset\stvd\watch\irq.asm'